#
# There is insufficient memory for the Java Runtime Environment to continue.
# Native memory allocation (mmap) failed to map 127926272 bytes for G1 virtual space
# Possible reasons:
#   The system is out of physical RAM or swap space
#   The process is running with CompressedOops enabled, and the Java Heap may be blocking the growth of the native heap
# Possible solutions:
#   Reduce memory load on the system
#   Increase physical memory or swap space
#   Check if swap backing store is full
#   Decrease Java heap size (-Xmx/-Xms)
#   Decrease number of Java threads
#   Decrease Java thread stack sizes (-Xss)
#   Set larger code cache with -XX:ReservedCodeCacheSize=
#   JVM is running with Unscaled Compressed Oops mode in which the Java heap is
#     placed in the first 4GB address space. The Java Heap base address is the
#     maximum limit for the native heap growth. Please use -XX:HeapBaseMinAddress
#     to set the Java Heap base and to place the Java Heap above 4GB virtual address.
# This output file may be truncated or incomplete.
#
#  Out of Memory Error (os_windows.cpp:3466), pid=1116, tid=7312
#
# JRE version: Java(TM) SE Runtime Environment (16.0.1+9) (build 16.0.1+9-24)
# Java VM: Java HotSpot(TM) 64-Bit Server VM (16.0.1+9-24, mixed mode, sharing, tiered, compressed oops, compressed class ptrs, g1 gc, windows-amd64)
# No core dump will be written. Minidumps are not enabled by default on client versions of Windows
#

---------------  S U M M A R Y ------------

Command Line: -javaagent:C:\Program Files\JetBrains\IntelliJ IDEA Community Edition 2021.1\lib\idea_rt.jar=49883:C:\Program Files\JetBrains\IntelliJ IDEA Community Edition 2021.1\bin -Dfile.encoding=UTF-8 tech.getarrays.employeemanager.EmployeemanagerApplication

Host: Intel(R) Celeron(R) CPU  N2830  @ 2.16GHz, 2 cores, 1G,  Windows 8.1 , 64 bit Build 9600 (6.3.9600.17415)
Time: Fri May 14 11:48:03 2021 South Africa Standard Time elapsed time: 810.965354 seconds (0d 0h 13m 30s)

---------------  T H R E A D  ---------------

Current thread (0x0000004208fb9fd0):  VMThread "VM Thread" [stack: 0x0000004222db0000,0x0000004222eb0000] [id=7312]

Stack: [0x0000004222db0000,0x0000004222eb0000]
Native frames: (J=compiled Java code, j=interpreted, Vv=VM code, C=native code)
V  [jvm.dll+0x6687ca]
V  [jvm.dll+0x7ca3c9]
V  [jvm.dll+0x7cbb53]
V  [jvm.dll+0x7cc1b3]
V  [jvm.dll+0x242ea5]
V  [jvm.dll+0x665589]
V  [jvm.dll+0x65a175]
V  [jvm.dll+0x2fc5ab]
V  [jvm.dll+0x3037a6]
V  [jvm.dll+0x352fee]
V  [jvm.dll+0x35321f]
V  [jvm.dll+0x2d3618]
V  [jvm.dll+0x2d11a5]
V  [jvm.dll+0x2d07dc]
V  [jvm.dll+0x3158c2]
V  [jvm.dll+0x7d05eb]
V  [jvm.dll+0x7d12e4]
V  [jvm.dll+0x7d17e9]
V  [jvm.dll+0x7d1aa4]
V  [jvm.dll+0x7d1b70]
V  [jvm.dll+0x779b4a]
V  [jvm.dll+0x667666]
C  [ucrtbase.DLL+0x1d912]
C  [KERNEL32.DLL+0x13d2]
C  [ntdll.dll+0x154e4]

VM_Operation (0x00000042086cb850): G1CollectForAllocation, mode: safepoint, requested by thread 0x0000004208f30220


---------------  P R O C E S S  ---------------

Threads class SMR info:
_java_thread_list=0x000000422800dd70, length=19, elements={
0x0000004208f30220, 0x0000004208fc14a0, 0x0000004208fc4330, 0x0000004208fca430,
0x0000004208fcc0b0, 0x0000004222ccdfd0, 0x0000004222cd5e30, 0x0000004222cd77d0,
0x0000004222cd82c0, 0x0000004222cd98c0, 0x0000004224110390, 0x00000042243e2810,
0x00000042243e41c0, 0x00000042263274a0, 0x0000004226326f50, 0x00000042263279f0,
0x00000042263264b0, 0x0000004226326a00, 0x0000004228462b00
}

Java Threads: ( => current thread )
  0x0000004208f30220 JavaThread "main" [_thread_blocked, id=6624, stack(0x00000042085d0000,0x00000042086d0000)]
  0x0000004208fc14a0 JavaThread "Reference Handler" daemon [_thread_blocked, id=6956, stack(0x0000004222eb0000,0x0000004222fb0000)]
  0x0000004208fc4330 JavaThread "Finalizer" daemon [_thread_blocked, id=8176, stack(0x0000004223800000,0x0000004223900000)]
  0x0000004208fca430 JavaThread "Signal Dispatcher" daemon [_thread_blocked, id=7912, stack(0x00000042239e0000,0x0000004223ae0000)]
  0x0000004208fcc0b0 JavaThread "Attach Listener" daemon [_thread_blocked, id=4368, stack(0x0000004223ae0000,0x0000004223be0000)]
  0x0000004222ccdfd0 JavaThread "Service Thread" daemon [_thread_blocked, id=7976, stack(0x0000004223be0000,0x0000004223ce0000)]
  0x0000004222cd5e30 JavaThread "Monitor Deflation Thread" daemon [_thread_blocked, id=2972, stack(0x0000004223ce0000,0x0000004223de0000)]
  0x0000004222cd77d0 JavaThread "C2 CompilerThread0" daemon [_thread_blocked, id=3260, stack(0x0000004223de0000,0x0000004223ee0000)]
  0x0000004222cd82c0 JavaThread "C1 CompilerThread0" daemon [_thread_blocked, id=2012, stack(0x0000004223ee0000,0x0000004223fe0000)]
  0x0000004222cd98c0 JavaThread "Sweeper thread" daemon [_thread_blocked, id=6812, stack(0x0000004223fe0000,0x00000042240e0000)]
  0x0000004224110390 JavaThread "Common-Cleaner" daemon [_thread_blocked, id=3816, stack(0x00000042244e0000,0x00000042245e0000)]
  0x00000042243e2810 JavaThread "Monitor Ctrl-Break" daemon [_thread_in_native, id=6488, stack(0x00000042245e0000,0x00000042246e0000)]
  0x00000042243e41c0 JavaThread "Notification Thread" daemon [_thread_blocked, id=4916, stack(0x00000042246e0000,0x00000042247e0000)]
  0x00000042263274a0 JavaThread "Catalina-utility-1" [_thread_blocked, id=7280, stack(0x0000004226c80000,0x0000004226d80000)]
  0x0000004226326f50 JavaThread "Catalina-utility-2" [_thread_blocked, id=4808, stack(0x0000004226d80000,0x0000004226e80000)]
  0x00000042263279f0 JavaThread "container-0" [_thread_blocked, id=5240, stack(0x0000004226e80000,0x0000004226f80000)]
  0x00000042263264b0 JavaThread "mysql-cj-abandoned-connection-cleanup" daemon [_thread_blocked, id=7832, stack(0x0000004228fd0000,0x00000042290d0000)]
  0x0000004226326a00 JavaThread "HikariPool-1 housekeeper" daemon [_thread_blocked, id=84, stack(0x00000042291d0000,0x00000042292d0000)]
  0x0000004228462b00 JavaThread "HikariPool-1 connection adder" daemon [_thread_blocked, id=6460, stack(0x00000042292d0000,0x00000042293d0000)]

Other Threads:
=>0x0000004208fb9fd0 VMThread "VM Thread" [stack: 0x0000004222db0000,0x0000004222eb0000] [id=7312]
  0x00000042243df8d0 WatcherThread [stack: 0x00000042247e0000,0x00000042248e0000] [id=1248]
  0x0000004208f55620 GCTaskThread "GC Thread#0" [stack: 0x0000004208dd0000,0x0000004208ed0000] [id=4884]
  0x00000042242b4020 GCTaskThread "GC Thread#1" [stack: 0x00000042248e0000,0x00000042249e0000] [id=6372]
  0x0000004208f5b070 ConcurrentGCThread "G1 Main Marker" [stack: 0x0000004220590000,0x0000004220690000] [id=7896]
  0x0000004208f5cb70 ConcurrentGCThread "G1 Conc#0" [stack: 0x0000004220690000,0x0000004220790000] [id=7704]
  0x0000004208f90f20 ConcurrentGCThread "G1 Refine#0" [stack: 0x00000042229b0000,0x0000004222ab0000] [id=7456]
  0x0000004225c04000 ConcurrentGCThread "G1 Refine#1" [stack: 0x00000042259b0000,0x0000004225ab0000] [id=5020]
  0x0000004208f91a20 ConcurrentGCThread "G1 Service" [stack: 0x0000004222ab0000,0x0000004222bb0000] [id=7712]

Threads with active compile tasks:
C2 CompilerThread0   813956 4310       4       sun.security.util.DisabledAlgorithmConstraints::permits (56 bytes)

VM state: at safepoint (normal execution)

VM Mutex/Monitor currently owned by a thread:  ([mutex/lock_event])
[0x0000004208f2cf10] Threads_lock - owner thread: 0x0000004208fb9fd0
[0x0000004208f2cc40] Heap_lock - owner thread: 0x0000004208f30220

Heap address: 0x00000000e1c00000, size: 484 MB, Compressed Oops mode: 32-bit

CDS archive(s) mapped at: [0x0000000800000000-0x0000000800bb0000-0x0000000800bb0000), size 12255232, SharedBaseAddress: 0x0000000800000000, ArchiveRelocationMode: 0.
Compressed class space mapped at: 0x0000000800c00000-0x0000000840c00000, reserved size: 1073741824
Narrow klass base: 0x0000000800000000, Narrow klass shift: 3, Narrow klass range: 0x100000000

GC Precious Log:
 CPUs: 2 total, 2 available
 Memory: 1934M
 Large Page Support: Disabled
 NUMA Support: Disabled
 Compressed Oops: Enabled (32-bit)
 Heap Region Size: 1M
 Heap Min Capacity: 8M
 Heap Initial Capacity: 32M
 Heap Max Capacity: 484M
 Pre-touch: Disabled
 Parallel Workers: 2
 Concurrent Workers: 1
 Concurrent Refinement Workers: 2
 Periodic GC: Disabled

Heap:
 garbage-first heap   total 71680K, used 19719K [0x00000000e1c00000, 0x0000000100000000)
  region size 1024K, 1 young (1024K), 1 survivors (1024K)
 Metaspace       used 39371K, committed 39680K, reserved 1089536K
  class space    used 5037K, committed 5184K, reserved 1048576K

Heap Regions: E=young(eden), S=young(survivor), O=old, HS=humongous(starts), HC=humongous(continues), CS=collection set, F=free, OA=open archive, CA=closed archive, TAMS=top-at-mark-start (previous, next)
|   0|0x00000000e1c00000, 0x00000000e1d00000, 0x00000000e1d00000|100%|HS|  |TAMS 0x00000000e1d00000, 0x00000000e1c00000| Complete 
|   1|0x00000000e1d00000, 0x00000000e1e00000, 0x00000000e1e00000|100%| O|  |TAMS 0x00000000e1e00000, 0x00000000e1d00000| Untracked 
|   2|0x00000000e1e00000, 0x00000000e1f00000, 0x00000000e1f00000|100%| O|  |TAMS 0x00000000e1f00000, 0x00000000e1e00000| Untracked 
|   3|0x00000000e1f00000, 0x00000000e2000000, 0x00000000e2000000|100%| O|  |TAMS 0x00000000e2000000, 0x00000000e1f00000| Untracked 
|   4|0x00000000e2000000, 0x00000000e2100000, 0x00000000e2100000|100%| O|  |TAMS 0x00000000e2100000, 0x00000000e2000000| Untracked 
|   5|0x00000000e2100000, 0x00000000e2200000, 0x00000000e2200000|100%| O|  |TAMS 0x00000000e2200000, 0x00000000e2100000| Untracked 
|   6|0x00000000e2200000, 0x00000000e2300000, 0x00000000e2300000|100%| O|  |TAMS 0x00000000e2300000, 0x00000000e2200000| Untracked 
|   7|0x00000000e2300000, 0x00000000e2400000, 0x00000000e2400000|100%| O|  |TAMS 0x00000000e2400000, 0x00000000e2300000| Untracked 
|   8|0x00000000e2400000, 0x00000000e2500000, 0x00000000e2500000|100%| O|  |TAMS 0x00000000e2500000, 0x00000000e2400000| Untracked 
|   9|0x00000000e2500000, 0x00000000e2600000, 0x00000000e2600000|100%| O|  |TAMS 0x00000000e2600000, 0x00000000e2500000| Untracked 
|  10|0x00000000e2600000, 0x00000000e2700000, 0x00000000e2700000|100%| O|  |TAMS 0x00000000e2700000, 0x00000000e2600000| Untracked 
|  11|0x00000000e2700000, 0x00000000e2766a00, 0x00000000e2800000| 40%| O|  |TAMS 0x00000000e2766a00, 0x00000000e2700000| Untracked 
|  12|0x00000000e2800000, 0x00000000e28dde00, 0x00000000e2900000| 86%| O|  |TAMS 0x00000000e28dde00, 0x00000000e2800000| Untracked 
|  13|0x00000000e2900000, 0x00000000e2a00000, 0x00000000e2a00000|100%| O|  |TAMS 0x00000000e2a00000, 0x00000000e2900000| Untracked 
|  14|0x00000000e2a00000, 0x00000000e2ac8000, 0x00000000e2b00000| 78%| O|  |TAMS 0x00000000e2ac8000, 0x00000000e2a00000| Untracked 
|  15|0x00000000e2b00000, 0x00000000e2c00000, 0x00000000e2c00000|100%| O|  |TAMS 0x00000000e2b00000, 0x00000000e2b00000| Untracked 
|  16|0x00000000e2c00000, 0x00000000e2d00000, 0x00000000e2d00000|100%| O|  |TAMS 0x00000000e2c00000, 0x00000000e2c00000| Untracked 
|  17|0x00000000e2d00000, 0x00000000e2e00000, 0x00000000e2e00000|100%| O|  |TAMS 0x00000000e2d00000, 0x00000000e2d00000| Untracked 
|  18|0x00000000e2e00000, 0x00000000e2f00000, 0x00000000e2f00000|100%| O|  |TAMS 0x00000000e2e00000, 0x00000000e2e00000| Untracked 
|  19|0x00000000e2f00000, 0x00000000e3000000, 0x00000000e3000000|100%| O|  |TAMS 0x00000000e2f00000, 0x00000000e2f00000| Untracked 
|  20|0x00000000e3000000, 0x00000000e3000000, 0x00000000e3100000|  0%| F|  |TAMS 0x00000000e3000000, 0x00000000e3000000| Untracked 
|  21|0x00000000e3100000, 0x00000000e3100000, 0x00000000e3200000|  0%| F|  |TAMS 0x00000000e3100000, 0x00000000e3100000| Untracked 
|  22|0x00000000e3200000, 0x00000000e3200000, 0x00000000e3300000|  0%| F|  |TAMS 0x00000000e3200000, 0x00000000e3200000| Untracked 
|  23|0x00000000e3300000, 0x00000000e3300000, 0x00000000e3400000|  0%| F|  |TAMS 0x00000000e3300000, 0x00000000e3300000| Untracked 
|  24|0x00000000e3400000, 0x00000000e3400000, 0x00000000e3500000|  0%| F|  |TAMS 0x00000000e3400000, 0x00000000e3400000| Untracked 
|  25|0x00000000e3500000, 0x00000000e3500000, 0x00000000e3600000|  0%| F|  |TAMS 0x00000000e3500000, 0x00000000e3500000| Untracked 
|  26|0x00000000e3600000, 0x00000000e3600000, 0x00000000e3700000|  0%| F|  |TAMS 0x00000000e3600000, 0x00000000e3600000| Untracked 
|  27|0x00000000e3700000, 0x00000000e3700000, 0x00000000e3800000|  0%| F|  |TAMS 0x00000000e3700000, 0x00000000e3700000| Untracked 
|  28|0x00000000e3800000, 0x00000000e3800000, 0x00000000e3900000|  0%| F|  |TAMS 0x00000000e3800000, 0x00000000e3800000| Untracked 
|  29|0x00000000e3900000, 0x00000000e3900000, 0x00000000e3a00000|  0%| F|  |TAMS 0x00000000e3900000, 0x00000000e3900000| Untracked 
|  30|0x00000000e3a00000, 0x00000000e3a00000, 0x00000000e3b00000|  0%| F|  |TAMS 0x00000000e3a00000, 0x00000000e3a00000| Untracked 
|  31|0x00000000e3b00000, 0x00000000e3b00000, 0x00000000e3c00000|  0%| F|  |TAMS 0x00000000e3b00000, 0x00000000e3b00000| Untracked 
|  32|0x00000000e3c00000, 0x00000000e3c00000, 0x00000000e3d00000|  0%| F|  |TAMS 0x00000000e3c00000, 0x00000000e3c00000| Untracked 
|  33|0x00000000e3d00000, 0x00000000e3d00000, 0x00000000e3e00000|  0%| F|  |TAMS 0x00000000e3d00000, 0x00000000e3d00000| Untracked 
|  34|0x00000000e3e00000, 0x00000000e3e00000, 0x00000000e3f00000|  0%| F|  |TAMS 0x00000000e3e00000, 0x00000000e3e00000| Untracked 
|  35|0x00000000e3f00000, 0x00000000e3f00000, 0x00000000e4000000|  0%| F|  |TAMS 0x00000000e3f00000, 0x00000000e3f00000| Untracked 
|  36|0x00000000e4000000, 0x00000000e4000000, 0x00000000e4100000|  0%| F|  |TAMS 0x00000000e4000000, 0x00000000e4000000| Untracked 
|  37|0x00000000e4100000, 0x00000000e4100000, 0x00000000e4200000|  0%| F|  |TAMS 0x00000000e4100000, 0x00000000e4100000| Untracked 
|  38|0x00000000e4200000, 0x00000000e4200000, 0x00000000e4300000|  0%| F|  |TAMS 0x00000000e4200000, 0x00000000e4200000| Untracked 
|  39|0x00000000e4300000, 0x00000000e4300000, 0x00000000e4400000|  0%| F|  |TAMS 0x00000000e4300000, 0x00000000e4300000| Untracked 
|  40|0x00000000e4400000, 0x00000000e4400000, 0x00000000e4500000|  0%| F|  |TAMS 0x00000000e4400000, 0x00000000e4400000| Untracked 
|  41|0x00000000e4500000, 0x00000000e4500000, 0x00000000e4600000|  0%| F|  |TAMS 0x00000000e4500000, 0x00000000e4500000| Untracked 
|  42|0x00000000e4600000, 0x00000000e4600000, 0x00000000e4700000|  0%| F|  |TAMS 0x00000000e4600000, 0x00000000e4600000| Untracked 
|  43|0x00000000e4700000, 0x00000000e4700000, 0x00000000e4800000|  0%| F|  |TAMS 0x00000000e4700000, 0x00000000e4700000| Untracked 
|  44|0x00000000e4800000, 0x00000000e4800000, 0x00000000e4900000|  0%| F|  |TAMS 0x00000000e4800000, 0x00000000e4800000| Untracked 
|  45|0x00000000e4900000, 0x00000000e4900000, 0x00000000e4a00000|  0%| F|  |TAMS 0x00000000e4900000, 0x00000000e4900000| Untracked 
|  46|0x00000000e4a00000, 0x00000000e4a00000, 0x00000000e4b00000|  0%| F|  |TAMS 0x00000000e4a00000, 0x00000000e4a00000| Untracked 
|  47|0x00000000e4b00000, 0x00000000e4b00000, 0x00000000e4c00000|  0%| F|  |TAMS 0x00000000e4b00000, 0x00000000e4b00000| Untracked 
|  48|0x00000000e4c00000, 0x00000000e4c00000, 0x00000000e4d00000|  0%| F|  |TAMS 0x00000000e4c00000, 0x00000000e4c00000| Untracked 
|  49|0x00000000e4d00000, 0x00000000e4d00000, 0x00000000e4e00000|  0%| F|  |TAMS 0x00000000e4d00000, 0x00000000e4d00000| Untracked 
|  50|0x00000000e4e00000, 0x00000000e4e00000, 0x00000000e4f00000|  0%| F|  |TAMS 0x00000000e4e00000, 0x00000000e4e00000| Untracked 
|  51|0x00000000e4f00000, 0x00000000e4f00000, 0x00000000e5000000|  0%| F|  |TAMS 0x00000000e4f00000, 0x00000000e4f00000| Untracked 
|  52|0x00000000e5000000, 0x00000000e5000000, 0x00000000e5100000|  0%| F|  |TAMS 0x00000000e5000000, 0x00000000e5000000| Untracked 
|  53|0x00000000e5100000, 0x00000000e5100000, 0x00000000e5200000|  0%| F|  |TAMS 0x00000000e5100000, 0x00000000e5100000| Untracked 
|  54|0x00000000e5200000, 0x00000000e5200000, 0x00000000e5300000|  0%| F|  |TAMS 0x00000000e5200000, 0x00000000e5200000| Untracked 
|  55|0x00000000e5300000, 0x00000000e5300000, 0x00000000e5400000|  0%| F|  |TAMS 0x00000000e5300000, 0x00000000e5300000| Untracked 
|  56|0x00000000e5400000, 0x00000000e5400000, 0x00000000e5500000|  0%| F|  |TAMS 0x00000000e5400000, 0x00000000e5400000| Untracked 
|  57|0x00000000e5500000, 0x00000000e5500000, 0x00000000e5600000|  0%| F|  |TAMS 0x00000000e5500000, 0x00000000e5500000| Untracked 
|  58|0x00000000e5600000, 0x00000000e5600000, 0x00000000e5700000|  0%| F|  |TAMS 0x00000000e5600000, 0x00000000e5600000| Untracked 
|  59|0x00000000e5700000, 0x00000000e5700000, 0x00000000e5800000|  0%| F|  |TAMS 0x00000000e5700000, 0x00000000e5700000| Untracked 
|  60|0x00000000e5800000, 0x00000000e5800000, 0x00000000e5900000|  0%| F|  |TAMS 0x00000000e5800000, 0x00000000e5800000| Untracked 
|  61|0x00000000e5900000, 0x00000000e5900000, 0x00000000e5a00000|  0%| F|  |TAMS 0x00000000e5900000, 0x00000000e5900000| Untracked 
|  62|0x00000000e5a00000, 0x00000000e5a00000, 0x00000000e5b00000|  0%| F|  |TAMS 0x00000000e5a00000, 0x00000000e5a00000| Untracked 
|  63|0x00000000e5b00000, 0x00000000e5b00000, 0x00000000e5c00000|  0%| F|  |TAMS 0x00000000e5b00000, 0x00000000e5b00000| Untracked 
|  64|0x00000000e5c00000, 0x00000000e5c00000, 0x00000000e5d00000|  0%| F|  |TAMS 0x00000000e5c00000, 0x00000000e5c00000| Untracked 
|  65|0x00000000e5d00000, 0x00000000e5d00000, 0x00000000e5e00000|  0%| F|  |TAMS 0x00000000e5d00000, 0x00000000e5d00000| Untracked 
|  66|0x00000000e5e00000, 0x00000000e5e356d0, 0x00000000e5f00000| 20%| S|CS|TAMS 0x00000000e5e00000, 0x00000000e5e00000| Complete 
|  67|0x00000000e5f00000, 0x00000000e5f00000, 0x00000000e6000000|  0%| F|  |TAMS 0x00000000e5f00000, 0x00000000e5f00000| Untracked 
|  68|0x00000000e6000000, 0x00000000e6000000, 0x00000000e6100000|  0%| F|  |TAMS 0x00000000e6000000, 0x00000000e6000000| Untracked 
| 191|0x00000000edb00000, 0x00000000edb00000, 0x00000000edc00000|  0%| F|  |TAMS 0x00000000edb00000, 0x00000000edb00000| Untracked 

Card table byte_map: [0x0000004208bd0000,0x0000004208cd0000] _byte_map_base: 0x00000042084c2000

Marking Bits (Prev, Next): (CMBitMap*) 0x0000004208f55d50, (CMBitMap*) 0x0000004208f55d10
 Prev Bits: [0x000000421fe00000, 0x0000004220590000)
 Next Bits: [0x000000421f670000, 0x000000421fe00000)

Polling page: 0x0000004206e30000

Metaspace:

Usage:
  Non-class:     33.53 MB used.
      Class:      4.92 MB used.
       Both:     38.45 MB used.

Virtual space:
  Non-class space:       40.00 MB reserved,      33.69 MB ( 84%) committed,  5 nodes.
      Class space:        1.00 GB reserved,       5.06 MB ( <1%) committed,  1 nodes.
              Both:        1.04 GB reserved,      38.75 MB (  4%) committed. 

Chunk freelists:
   Non-Class:  2.20 MB
       Class:  2.94 MB
        Both:  5.14 MB

MaxMetaspaceSize: 17179869184.00 GB
CompressedClassSpaceSize: 1.00 GB
 - commit_granule_bytes: 65536.
 - commit_granule_words: 8192.
 - virtual_space_node_default_size: 1048576.
 - enlarge_chunks_in_place: 1.
 - new_chunks_are_fully_committed: 0.
 - uncommit_free_chunks: 1.
 - use_allocation_guard: 0.
 - handle_deallocations: 1.


Internal statistics:

num_allocs_failed_limit: 9.
num_arena_births: 356.
num_arena_deaths: 50.
num_vsnodes_births: 6.
num_vsnodes_deaths: 0.
num_space_committed: 620.
num_space_uncommitted: 0.
num_chunks_returned_to_freelist: 60.
num_chunks_taken_from_freelist: 1641.
num_chunk_merges: 23.
num_chunk_splits: 1143.
num_chunks_enlarged: 890.
num_purges: 6.

CodeHeap 'non-profiled nmethods': size=120064Kb used=2392Kb max_used=2392Kb free=117671Kb
 bounds [0x0000004218130000, 0x00000042183a0000, 0x000000421f670000]
CodeHeap 'profiled nmethods': size=120000Kb used=9352Kb max_used=9352Kb free=110647Kb
 bounds [0x0000004210c00000, 0x0000004211530000, 0x0000004218130000]
CodeHeap 'non-nmethods': size=5696Kb used=1275Kb max_used=1292Kb free=4420Kb
 bounds [0x0000004210670000, 0x00000042108e0000, 0x0000004210c00000]
 total_blobs=4824 nmethods=4240 adapters=497
 compilation: enabled
              stopped_count=0, restarted_count=0
 full_count=0

Compilation events (20 events):
Event: 809.654 Thread 0x0000004222cd82c0 4325       3       sun.security.jca.ProviderList$ServiceList$1::next (5 bytes)
Event: 809.654 Thread 0x0000004222cd82c0 nmethod 4325 0x000000421151cf10 code [0x000000421151d0c0, 0x000000421151d208]
Event: 809.656 Thread 0x0000004222cd82c0 4326       3       sun.security.ssl.HandshakeOutStream::checkOverflow (42 bytes)
Event: 809.657 Thread 0x0000004222cd82c0 nmethod 4326 0x000000421151d290 code [0x000000421151d4e0, 0x000000421151dc78]
Event: 809.658 Thread 0x0000004222cd82c0 4327  s    3       java.io.ByteArrayOutputStream::reset (6 bytes)
Event: 809.658 Thread 0x0000004222cd82c0 nmethod 4327 0x000000421151df90 code [0x000000421151e120, 0x000000421151e2d8]
Event: 809.661 Thread 0x0000004222cd82c0 4328       3       sun.security.ssl.Record::putInt8 (17 bytes)
Event: 809.662 Thread 0x0000004222cd82c0 nmethod 4328 0x000000421151e390 code [0x000000421151e560, 0x000000421151e978]
Event: 809.662 Thread 0x0000004222cd82c0 4329       3       java.security.MessageDigest$Delegate$CloneableDelegate::<init> (8 bytes)
Event: 809.663 Thread 0x0000004222cd82c0 nmethod 4329 0x000000421151eb10 code [0x000000421151ece0, 0x000000421151f098]
Event: 809.664 Thread 0x0000004222cd82c0 4330   !   3       java.lang.StringCoding::decode (165 bytes)
Event: 809.667 Thread 0x0000004222cd82c0 nmethod 4330 0x000000421151f210 code [0x000000421151f5a0, 0x0000004211520c68]
Event: 809.668 Thread 0x0000004222cd77d0 nmethod 4311 0x0000004218385310 code [0x00000042183854a0, 0x0000004218385ab8]
Event: 809.668 Thread 0x0000004222cd77d0 4316       4       java.math.BigInteger::addOne (77 bytes)
Event: 809.669 Thread 0x0000004222cd82c0 4331       3       sun.security.provider.ByteArrayAccess::l2bBig (210 bytes)
Event: 809.670 Thread 0x0000004222cd82c0 nmethod 4331 0x0000004211521510 code [0x00000042115216e0, 0x0000004211521b18]
Event: 809.670 Thread 0x0000004222cd82c0 4332       3       com.sun.crypto.provider.HmacCore::engineReset (20 bytes)
Event: 809.671 Thread 0x0000004222cd82c0 nmethod 4332 0x0000004211521d10 code [0x0000004211521ec0, 0x00000042115221e8]
Event: 809.672 Thread 0x0000004222cd77d0 nmethod 4316 0x0000004218385c10 code [0x0000004218385da0, 0x0000004218385ef8]
Event: 809.672 Thread 0x0000004222cd77d0 4310       4       sun.security.util.DisabledAlgorithmConstraints::permits (56 bytes)

GC Heap History (20 events):
Event: 720.567 GC heap after
{Heap after GC invocations=28 (full 0):
 garbage-first heap   total 111616K, used 13422K [0x00000000e1c00000, 0x0000000100000000)
  region size 1024K, 1 young (1024K), 1 survivors (1024K)
 Metaspace       used 21893K, committed 22144K, reserved 1073152K
  class space    used 2723K, committed 2880K, reserved 1048576K
}
Event: 731.636 GC heap before
{Heap before GC invocations=28 (full 0):
 garbage-first heap   total 111616K, used 17518K [0x00000000e1c00000, 0x0000000100000000)
  region size 1024K, 5 young (5120K), 1 survivors (1024K)
 Metaspace       used 22899K, committed 23168K, reserved 1073152K
  class space    used 2869K, committed 3008K, reserved 1048576K
}
Event: 731.642 GC heap after
{Heap after GC invocations=29 (full 0):
 garbage-first heap   total 111616K, used 13988K [0x00000000e1c00000, 0x0000000100000000)
  region size 1024K, 1 young (1024K), 1 survivors (1024K)
 Metaspace       used 22899K, committed 23168K, reserved 1073152K
  class space    used 2869K, committed 3008K, reserved 1048576K
}
Event: 734.398 GC heap before
{Heap before GC invocations=29 (full 0):
 garbage-first heap   total 111616K, used 18084K [0x00000000e1c00000, 0x0000000100000000)
  region size 1024K, 5 young (5120K), 1 survivors (1024K)
 Metaspace       used 24057K, committed 24320K, reserved 1073152K
  class space    used 2984K, committed 3072K, reserved 1048576K
}
Event: 734.466 GC heap after
{Heap after GC invocations=30 (full 0):
 garbage-first heap   total 111616K, used 14508K [0x00000000e1c00000, 0x0000000100000000)
  region size 1024K, 1 young (1024K), 1 survivors (1024K)
 Metaspace       used 24057K, committed 24320K, reserved 1073152K
  class space    used 2984K, committed 3072K, reserved 1048576K
}
Event: 745.686 GC heap before
{Heap before GC invocations=30 (full 0):
 garbage-first heap   total 111616K, used 17580K [0x00000000e1c00000, 0x0000000100000000)
  region size 1024K, 5 young (5120K), 1 survivors (1024K)
 Metaspace       used 24885K, committed 25152K, reserved 1073152K
  class space    used 3057K, committed 3200K, reserved 1048576K
}
Event: 745.691 GC heap after
{Heap after GC invocations=31 (full 0):
 garbage-first heap   total 111616K, used 14919K [0x00000000e1c00000, 0x0000000100000000)
  region size 1024K, 1 young (1024K), 1 survivors (1024K)
 Metaspace       used 24885K, committed 25152K, reserved 1073152K
  class space    used 3057K, committed 3200K, reserved 1048576K
}
Event: 745.694 GC heap before
{Heap before GC invocations=31 (full 0):
 garbage-first heap   total 111616K, used 17991K [0x00000000e1c00000, 0x0000000100000000)
  region size 1024K, 5 young (5120K), 1 survivors (1024K)
 Metaspace       used 24885K, committed 25152K, reserved 1073152K
  class space    used 3057K, committed 3200K, reserved 1048576K
}
Event: 745.702 GC heap after
{Heap after GC invocations=32 (full 0):
 garbage-first heap   total 111616K, used 14927K [0x00000000e1c00000, 0x0000000100000000)
  region size 1024K, 1 young (1024K), 1 survivors (1024K)
 Metaspace       used 24885K, committed 25152K, reserved 1073152K
  class space    used 3057K, committed 3200K, reserved 1048576K
}
Event: 745.718 GC heap before
{Heap before GC invocations=32 (full 0):
 garbage-first heap   total 111616K, used 27215K [0x00000000e1c00000, 0x0000000100000000)
  region size 1024K, 14 young (14336K), 1 survivors (1024K)
 Metaspace       used 24885K, committed 25152K, reserved 1073152K
  class space    used 3057K, committed 3200K, reserved 1048576K
}
Event: 745.722 GC heap after
{Heap after GC invocations=33 (full 0):
 garbage-first heap   total 111616K, used 14982K [0x00000000e1c00000, 0x0000000100000000)
  region size 1024K, 1 young (1024K), 1 survivors (1024K)
 Metaspace       used 24885K, committed 25152K, reserved 1073152K
  class space    used 3057K, committed 3200K, reserved 1048576K
}
Event: 761.658 GC heap before
{Heap before GC invocations=33 (full 0):
 garbage-first heap   total 111616K, used 38534K [0x00000000e1c00000, 0x0000000100000000)
  region size 1024K, 25 young (25600K), 1 survivors (1024K)
 Metaspace       used 25487K, committed 25792K, reserved 1073152K
  class space    used 3126K, committed 3264K, reserved 1048576K
}
Event: 761.664 GC heap after
{Heap after GC invocations=34 (full 0):
 garbage-first heap   total 111616K, used 14987K [0x00000000e1c00000, 0x0000000100000000)
  region size 1024K, 1 young (1024K), 1 survivors (1024K)
 Metaspace       used 25487K, committed 25792K, reserved 1073152K
  class space    used 3126K, committed 3264K, reserved 1048576K
}
Event: 790.690 GC heap before
{Heap before GC invocations=34 (full 0):
 garbage-first heap   total 111616K, used 53899K [0x00000000e1c00000, 0x0000000100000000)
  region size 1024K, 40 young (40960K), 1 survivors (1024K)
 Metaspace       used 36022K, committed 36288K, reserved 1081344K
  class space    used 4610K, committed 4736K, reserved 1048576K
}
Event: 790.734 GC heap after
{Heap after GC invocations=35 (full 0):
 garbage-first heap   total 111616K, used 18691K [0x00000000e1c00000, 0x0000000100000000)
  region size 1024K, 5 young (5120K), 5 survivors (5120K)
 Metaspace       used 36022K, committed 36288K, reserved 1081344K
  class space    used 4610K, committed 4736K, reserved 1048576K
}
Event: 801.286 GC heap before
{Heap before GC invocations=36 (full 0):
 garbage-first heap   total 71680K, used 32003K [0x00000000e1c00000, 0x0000000100000000)
  region size 1024K, 18 young (18432K), 5 survivors (5120K)
 Metaspace       used 39139K, committed 39488K, reserved 1089536K
  class space    used 5016K, committed 5184K, reserved 1048576K
}
Event: 808.821 GC heap after
{Heap after GC invocations=37 (full 0):
 garbage-first heap   total 71680K, used 19585K [0x00000000e1c00000, 0x0000000100000000)
  region size 1024K, 1 young (1024K), 1 survivors (1024K)
 Metaspace       used 39139K, committed 39488K, reserved 1089536K
  class space    used 5016K, committed 5184K, reserved 1048576K
}
Event: 808.956 GC heap before
{Heap before GC invocations=37 (full 0):
 garbage-first heap   total 71680K, used 21633K [0x00000000e1c00000, 0x0000000100000000)
  region size 1024K, 3 young (3072K), 1 survivors (1024K)
 Metaspace       used 39310K, committed 39616K, reserved 1089536K
  class space    used 5035K, committed 5184K, reserved 1048576K
}
Event: 809.468 GC heap after
{Heap after GC invocations=38 (full 0):
 garbage-first heap   total 71680K, used 19756K [0x00000000e1c00000, 0x0000000100000000)
  region size 1024K, 1 young (1024K), 1 survivors (1024K)
 Metaspace       used 39310K, committed 39616K, reserved 1089536K
  class space    used 5035K, committed 5184K, reserved 1048576K
}
Event: 809.672 GC heap before
{Heap before GC invocations=38 (full 0):
 garbage-first heap   total 71680K, used 21804K [0x00000000e1c00000, 0x0000000100000000)
  region size 1024K, 3 young (3072K), 1 survivors (1024K)
 Metaspace       used 39371K, committed 39680K, reserved 1089536K
  class space    used 5037K, committed 5184K, reserved 1048576K
}

Deoptimization events (20 events):
Event: 809.534 Thread 0x0000004228462b00 DEOPT PACKING pc=0x0000004218380258 sp=0x00000042293ce8b0
Event: 809.534 Thread 0x0000004228462b00 DEOPT UNPACKING pc=0x00000042106bd729 sp=0x00000042293ce838 mode 2
Event: 809.534 Thread 0x0000004228462b00 Uncommon trap: trap_request=0xffffffbe fr.pc=0x0000004218380258 relative=0x00000000000003b8
Event: 809.534 Thread 0x0000004228462b00 Uncommon trap: reason=profile_predicate action=maybe_recompile pc=0x0000004218380258 method=java.util.Arrays$ArrayList.indexOf(Ljava/lang/Object;)I @ 39 c2
Event: 809.534 Thread 0x0000004228462b00 DEOPT PACKING pc=0x0000004218380258 sp=0x00000042293ce8b0
Event: 809.534 Thread 0x0000004228462b00 DEOPT UNPACKING pc=0x00000042106bd729 sp=0x00000042293ce838 mode 2
Event: 809.534 Thread 0x0000004228462b00 Uncommon trap: trap_request=0xffffffbe fr.pc=0x0000004218380258 relative=0x00000000000003b8
Event: 809.534 Thread 0x0000004228462b00 Uncommon trap: reason=profile_predicate action=maybe_recompile pc=0x0000004218380258 method=java.util.Arrays$ArrayList.indexOf(Ljava/lang/Object;)I @ 39 c2
Event: 809.534 Thread 0x0000004228462b00 DEOPT PACKING pc=0x0000004218380258 sp=0x00000042293ce8b0
Event: 809.534 Thread 0x0000004228462b00 DEOPT UNPACKING pc=0x00000042106bd729 sp=0x00000042293ce838 mode 2
Event: 809.534 Thread 0x0000004228462b00 Uncommon trap: trap_request=0xffffffbe fr.pc=0x0000004218380258 relative=0x00000000000003b8
Event: 809.534 Thread 0x0000004228462b00 Uncommon trap: reason=profile_predicate action=maybe_recompile pc=0x0000004218380258 method=java.util.Arrays$ArrayList.indexOf(Ljava/lang/Object;)I @ 39 c2
Event: 809.534 Thread 0x0000004228462b00 DEOPT PACKING pc=0x0000004218380258 sp=0x00000042293ce8b0
Event: 809.534 Thread 0x0000004228462b00 DEOPT UNPACKING pc=0x00000042106bd729 sp=0x00000042293ce838 mode 2
Event: 809.628 Thread 0x0000004228462b00 DEOPT PACKING pc=0x0000004211499465 sp=0x00000042293cde30
Event: 809.628 Thread 0x0000004228462b00 DEOPT UNPACKING pc=0x00000042106bdeb0 sp=0x00000042293cd2b8 mode 0
Event: 809.639 Thread 0x0000004228462b00 DEOPT PACKING pc=0x0000004211498954 sp=0x00000042293ce180
Event: 809.639 Thread 0x0000004228462b00 DEOPT UNPACKING pc=0x00000042106bdeb0 sp=0x00000042293cd608 mode 0
Event: 809.662 Thread 0x0000004228462b00 DEOPT PACKING pc=0x0000004211498954 sp=0x00000042293cdcb0
Event: 809.662 Thread 0x0000004228462b00 DEOPT UNPACKING pc=0x00000042106bdeb0 sp=0x00000042293cd138 mode 0

Classes unloaded (20 events):
Event: 701.622 Thread 0x0000004208fb9fd0 Unloading class 0x0000000800d0d000 'java/lang/invoke/LambdaForm$MH+0x0000000800d0d000'
Event: 701.639 Thread 0x0000004208fb9fd0 Unloading class 0x0000000800c83000 'java/lang/invoke/LambdaForm$MH+0x0000000800c83000'
Event: 701.706 Thread 0x0000004208fb9fd0 Unloading class 0x0000000800c82800 'java/lang/invoke/LambdaForm$MH+0x0000000800c82800'
Event: 701.706 Thread 0x0000004208fb9fd0 Unloading class 0x0000000800c82400 'java/lang/invoke/LambdaForm$MH+0x0000000800c82400'
Event: 701.706 Thread 0x0000004208fb9fd0 Unloading class 0x0000000800c82000 'java/lang/invoke/LambdaForm$MH+0x0000000800c82000'
Event: 701.710 Thread 0x0000004208fb9fd0 Unloading class 0x0000000800c81c00 'java/lang/invoke/LambdaForm$MH+0x0000000800c81c00'
Event: 701.710 Thread 0x0000004208fb9fd0 Unloading class 0x0000000800c81800 'java/lang/invoke/LambdaForm$MH+0x0000000800c81800'
Event: 701.710 Thread 0x0000004208fb9fd0 Unloading class 0x0000000800c81400 'java/lang/invoke/LambdaForm$MH+0x0000000800c81400'
Event: 701.716 Thread 0x0000004208fb9fd0 Unloading class 0x0000000800c81000 'java/lang/invoke/LambdaForm$MH+0x0000000800c81000'
Event: 701.716 Thread 0x0000004208fb9fd0 Unloading class 0x0000000800c80c00 'java/lang/invoke/LambdaForm$MH+0x0000000800c80c00'
Event: 719.465 Thread 0x0000004208fb9fd0 Unloading class 0x0000000800d3e400 'java/lang/invoke/LambdaForm$MH+0x0000000800d3e400'
Event: 719.465 Thread 0x0000004208fb9fd0 Unloading class 0x0000000800d3e000 'java/lang/invoke/LambdaForm$MH+0x0000000800d3e000'
Event: 719.465 Thread 0x0000004208fb9fd0 Unloading class 0x0000000800d3dc00 'java/lang/invoke/LambdaForm$MH+0x0000000800d3dc00'
Event: 719.465 Thread 0x0000004208fb9fd0 Unloading class 0x0000000800d3d800 'java/lang/invoke/LambdaForm$MH+0x0000000800d3d800'
Event: 719.465 Thread 0x0000004208fb9fd0 Unloading class 0x0000000800d3d000 'java/lang/invoke/LambdaForm$MH+0x0000000800d3d000'
Event: 719.465 Thread 0x0000004208fb9fd0 Unloading class 0x0000000800d3cc00 'java/lang/invoke/LambdaForm$MH+0x0000000800d3cc00'
Event: 719.465 Thread 0x0000004208fb9fd0 Unloading class 0x0000000800d3c800 'java/lang/invoke/LambdaForm$MH+0x0000000800d3c800'
Event: 719.465 Thread 0x0000004208fb9fd0 Unloading class 0x0000000800d3c400 'java/lang/invoke/LambdaForm$MH+0x0000000800d3c400'
Event: 719.465 Thread 0x0000004208fb9fd0 Unloading class 0x0000000800c80400 'java/lang/invoke/LambdaForm$MH+0x0000000800c80400'
Event: 790.808 Thread 0x0000004208fb9fd0 Unloading class 0x0000000800dc8400 'java/lang/invoke/LambdaForm$DMH+0x0000000800dc8400'

Classes redefined (0 events):
No events

Internal exceptions (20 events):
Event: 688.952 Thread 0x0000004208f30220 Exception <a 'java/lang/ClassNotFoundException'{0x00000000edb0b1e0}: org/springframework/transaction/annotation/AbstractTransactionManagementConfigurationCustomizer> (0x00000000edb0b1e0) 
thrown [t:\workspace\open\src\hotspot\share\classfile\systemDictionary.cpp, line 256]
Event: 688.954 Thread 0x0000004208f30220 Exception <a 'java/lang/ClassNotFoundException'{0x00000000edb10cf0}: org/springframework/transaction/annotation/ProxyTransactionManagementConfigurationCustomizer> (0x00000000edb10cf0) 
thrown [t:\workspace\open\src\hotspot\share\classfile\systemDictionary.cpp, line 256]
Event: 688.955 Thread 0x0000004208f30220 Exception <a 'java/lang/ClassNotFoundException'{0x00000000edb17d68}: org/springframework/context/annotation/ImportAwareCustomizer> (0x00000000edb17d68) 
thrown [t:\workspace\open\src\hotspot\share\classfile\systemDictionary.cpp, line 256]
Event: 688.956 Thread 0x0000004208f30220 Exception <a 'java/lang/ClassNotFoundException'{0x00000000edb1bee8}: org/springframework/beans/factory/AwareCustomizer> (0x00000000edb1bee8) 
thrown [t:\workspace\open\src\hotspot\share\classfile\systemDictionary.cpp, line 256]
Event: 694.836 Thread 0x0000004208f30220 Exception <a 'java/lang/NoSuchMethodError'{0x00000000edaca0f0}: 'java.lang.Object java.lang.invoke.DirectMethodHandle$Holder.invokeSpecialIFC(java.lang.Object, java.lang.Object, java.lang.Object)'> (0x00000000edaca0f0) 
thrown [t:\workspace\open\src\hotspot\share\interpreter\linkResolver.cpp, line 790]
Event: 718.594 Thread 0x0000004208f30220 Exception <a 'java/lang/NoSuchMethodError'{0x00000000eda32078}: 'int java.lang.invoke.DirectMethodHandle$Holder.invokeSpecial(java.lang.Object, java.lang.Object, java.lang.Object, java.lang.Object, java.lang.Object)'> (0x00000000eda32078) 
thrown [t:\workspace\open\src\hotspot\share\interpreter\linkResolver.cpp, line 790]
Event: 720.535 Thread 0x0000004208f30220 Exception <a 'java/lang/NoSuchMethodError'{0x00000000edb9a5a8}: 'void java.lang.invoke.DirectMethodHandle$Holder.invokeInterface(java.lang.Object, java.lang.Object, int)'> (0x00000000edb9a5a8) 
thrown [t:\workspace\open\src\hotspot\share\interpreter\linkResolver.cpp, line 790]
Event: 720.557 Thread 0x0000004208f30220 Exception <a 'java/lang/IncompatibleClassChangeError'{0x00000000edbefd98}: Found class java.lang.Object, but interface was expected> (0x00000000edbefd98) 
thrown [t:\workspace\open\src\hotspot\share\interpreter\linkResolver.cpp, line 857]
Event: 720.558 Thread 0x0000004208f30220 Exception <a 'java/lang/NoSuchMethodError'{0x00000000edbf5410}: 'void java.lang.invoke.DirectMethodHandle$Holder.invokeStatic(java.lang.Object, int, java.lang.Object)'> (0x00000000edbf5410) 
thrown [t:\workspace\open\src\hotspot\share\interpreter\linkResolver.cpp, line 790]
Event: 720.577 Thread 0x0000004208f30220 Exception <a 'java/lang/NoSuchMethodError'{0x00000000edb25a68}: 'int java.lang.invoke.DirectMethodHandle$Holder.invokeSpecial(java.lang.Object, java.lang.Object, int)'> (0x00000000edb25a68) 
thrown [t:\workspace\open\src\hotspot\share\interpreter\linkResolver.cpp, line 790]
Event: 721.478 Thread 0x0000004208f30220 Implicit null exception at 0x00000042182a15b0 to 0x00000042182a1c8c
Event: 725.802 Thread 0x0000004208f30220 Exception <a 'java/lang/NoSuchMethodError'{0x00000000e85dd188}: 'java.lang.Object java.lang.invoke.DirectMethodHandle$Holder.invokeStaticInit(java.lang.Object, int, int, int, int)'> (0x00000000e85dd188) 
thrown [t:\workspace\open\src\hotspot\share\interpreter\linkResolver.cpp, line 790]
Event: 731.636 Thread 0x0000004208f30220 Exception <a 'java/lang/NoSuchMethodError'{0x00000000e85fdb48}: 'java.lang.Object java.lang.invoke.DirectMethodHandle$Holder.invokeStaticInit(java.lang.Object, java.lang.Object, int, int, int, int)'> (0x00000000e85fdb48) 
thrown [t:\workspace\open\src\hotspot\share\interpreter\linkResolver.cpp, line 790]
Event: 759.629 Thread 0x0000004208f30220 Exception <a 'java/io/FileNotFoundException'{0x00000000e7299528}> (0x00000000e7299528) 
thrown [t:\workspace\open\src\hotspot\share\prims\jni.cpp, line 579]
Event: 760.175 Thread 0x0000004208f30220 Exception <a 'java/lang/NoSuchMethodError'{0x00000000e701f1b8}: 'int java.lang.invoke.DirectMethodHandle$Holder.invokeInterface(java.lang.Object, java.lang.Object, java.lang.Object, java.lang.Object)'> (0x00000000e701f1b8) 
thrown [t:\workspace\open\src\hotspot\share\interpreter\linkResolver.cpp, line 790]
Event: 764.908 Thread 0x0000004208f30220 Exception <a 'java/io/FileNotFoundException'{0x00000000e8662778}> (0x00000000e8662778) 
thrown [t:\workspace\open\src\hotspot\share\prims\jni.cpp, line 579]
Event: 766.998 Thread 0x0000004208f30220 Implicit null exception at 0x000000421825d05a to 0x000000421825d250
Event: 777.570 Thread 0x0000004208f30220 Implicit null exception at 0x00000042182d3183 to 0x00000042182d36cc
Event: 790.023 Thread 0x0000004208f30220 Exception <a 'sun/nio/fs/WindowsException'{0x00000000e63aa028}> (0x00000000e63aa028) 
thrown [t:\workspace\open\src\hotspot\share\prims\jni.cpp, line 579]
Event: 790.192 Thread 0x0000004208f30220 Exception <a 'java/lang/NoSuchMethodError'{0x00000000e63ce468}: 'int java.lang.invoke.DirectMethodHandle$Holder.invokeStaticInit(java.lang.Object, java.lang.Object, java.lang.Object, java.lang.Object)'> (0x00000000e63ce468) 
thrown [t:\workspace\open\src\hotspot\share\interpreter\linkResolver.cpp, line 790]

Events (20 events):
Event: 797.302 loading class sun/security/ssl/NewSessionTicket$T13NewSessionTicketMessage done
Event: 797.669 Executing  VM operation: Cleanup
Event: 797.669 Executing  VM operation: Cleanup done
Event: 799.952 Thread 0x0000004226326a00 Thread added: 0x0000004226326a00
Event: 799.953 loading class java/util/concurrent/ThreadPoolExecutor$DiscardOldestPolicy
Event: 799.953 loading class java/util/concurrent/ThreadPoolExecutor$DiscardOldestPolicy done
Event: 799.953 loading class java/util/concurrent/ThreadPoolExecutor$CallerRunsPolicy
Event: 799.953 loading class java/util/concurrent/ThreadPoolExecutor$CallerRunsPolicy done
Event: 800.060 Thread 0x0000004228462b00 Thread added: 0x0000004228462b00
Event: 800.715 Executing  VM operation: Cleanup
Event: 800.716 Executing  VM operation: Cleanup done
Event: 801.140 loading class java/util/TimerTask
Event: 801.149 loading class java/util/TimerTask done
Event: 801.286 Executing  VM operation: G1CollectForAllocation
Event: 808.825 Executing  VM operation: G1CollectForAllocation done
Event: 808.956 Executing  VM operation: G1CollectForAllocation
Event: 809.470 Executing  VM operation: G1CollectForAllocation done
Event: 809.495 loading class java/util/regex/Pattern$1MatcherIterator
Event: 809.495 loading class java/util/regex/Pattern$1MatcherIterator done
Event: 809.672 Executing  VM operation: G1CollectForAllocation


Dynamic libraries:
0x00007ff6be890000 - 0x00007ff6be8a0000 	C:\Program Files\Java\jdk-16.0.1\bin\java.exe
0x00007ff817460000 - 0x00007ff81760d000 	C:\Windows\SYSTEM32\ntdll.dll
0x00007ff8158d0000 - 0x00007ff815a0e000 	C:\Windows\system32\KERNEL32.DLL
0x00007ffff3890000 - 0x00007ffff38a3000 	C:\Program Files\Avast Software\Avast\aswhook.dll
0x00007ff814860000 - 0x00007ff814975000 	C:\Windows\system32\KERNELBASE.dll
0x00007ff80dbf0000 - 0x00007ff80dc08000 	C:\Program Files\Java\jdk-16.0.1\bin\jli.dll
0x00007ff80a090000 - 0x00007ff80a0a9000 	C:\Program Files\Java\jdk-16.0.1\bin\VCRUNTIME140.dll
0x00007ff80dbe0000 - 0x00007ff80dbe4000 	C:\Program Files\Java\jdk-16.0.1\bin\api-ms-win-crt-stdio-l1-1-0.dll
0x00007ff80a080000 - 0x00007ff80a084000 	C:\Program Files\Java\jdk-16.0.1\bin\api-ms-win-crt-runtime-l1-1-0.dll
0x00007ff80a070000 - 0x00007ff80a073000 	C:\Program Files\Java\jdk-16.0.1\bin\api-ms-win-crt-environment-l1-1-0.dll
0x00007ff80a060000 - 0x00007ff80a065000 	C:\Program Files\Java\jdk-16.0.1\bin\api-ms-win-crt-math-l1-1-0.dll
0x00007ff80a050000 - 0x00007ff80a053000 	C:\Program Files\Java\jdk-16.0.1\bin\api-ms-win-crt-locale-l1-1-0.dll
0x00007ff80a040000 - 0x00007ff80a043000 	C:\Program Files\Java\jdk-16.0.1\bin\api-ms-win-crt-heap-l1-1-0.dll
0x00007ff815820000 - 0x00007ff8158ca000 	C:\Windows\system32\ADVAPI32.dll
0x00007ff812960000 - 0x00007ff812bdb000 	C:\Windows\WinSxS\amd64_microsoft.windows.common-controls_6595b64144ccf1df_6.0.9600.18006_none_623f33d3ecbe86e8\COMCTL32.dll
0x00007ff815cf0000 - 0x00007ff815e67000 	C:\Windows\system32\USER32.dll
0x00007ff80f920000 - 0x00007ff80f92a000 	C:\Windows\SYSTEM32\VERSION.dll
0x00007ff80a030000 - 0x00007ff80a033000 	C:\Program Files\Java\jdk-16.0.1\bin\api-ms-win-crt-filesystem-l1-1-0.dll
0x00007ff80a020000 - 0x00007ff80a024000 	C:\Program Files\Java\jdk-16.0.1\bin\api-ms-win-crt-string-l1-1-0.dll
0x00007ff80a010000 - 0x00007ff80a014000 	C:\Program Files\Java\jdk-16.0.1\bin\api-ms-win-crt-convert-l1-1-0.dll
0x00007ff814e70000 - 0x00007ff814f1a000 	C:\Windows\system32\msvcrt.dll
0x00007ff815a70000 - 0x00007ff815ac9000 	C:\Windows\SYSTEM32\sechost.dll
0x00007ff814cb0000 - 0x00007ff814df0000 	C:\Windows\system32\RPCRT4.dll
0x00007ff815ba0000 - 0x00007ff815cef000 	C:\Windows\system32\GDI32.dll
0x00007ff800700000 - 0x00007ff8007fa000 	C:\Program Files\Java\jdk-16.0.1\bin\ucrtbase.DLL
0x00007ff814650000 - 0x00007ff81467e000 	C:\Windows\system32\SspiCli.dll
0x00007ff815a30000 - 0x00007ff815a66000 	C:\Windows\system32\IMM32.DLL
0x00007ff814b50000 - 0x00007ff814ca2000 	C:\Windows\system32\MSCTF.dll
0x00007ff809ff0000 - 0x00007ff809ffc000 	C:\Program Files\Java\jdk-16.0.1\bin\vcruntime140_1.dll
0x00007ff806b90000 - 0x00007ff806c21000 	C:\Program Files\Java\jdk-16.0.1\bin\msvcp140.dll
0x00007ff809fe0000 - 0x00007ff809fe3000 	C:\Program Files\Java\jdk-16.0.1\bin\api-ms-win-crt-time-l1-1-0.dll
0x00007ff809fd0000 - 0x00007ff809fd3000 	C:\Program Files\Java\jdk-16.0.1\bin\api-ms-win-crt-utility-l1-1-0.dll
0x00007fffe0b80000 - 0x00007fffe172b000 	C:\Program Files\Java\jdk-16.0.1\bin\server\jvm.dll
0x00007ff80e620000 - 0x00007ff80e629000 	C:\Windows\SYSTEM32\WSOCK32.dll
0x00007ffff77d0000 - 0x00007ffff77f2000 	C:\Windows\SYSTEM32\WINMM.dll
0x00007ff814df0000 - 0x00007ff814df7000 	C:\Windows\system32\PSAPI.DLL
0x00007ff814e10000 - 0x00007ff814e6a000 	C:\Windows\system32\WS2_32.dll
0x00007ffff77a0000 - 0x00007ffff77ca000 	C:\Windows\SYSTEM32\WINMMBASE.dll
0x00007ff814e00000 - 0x00007ff814e09000 	C:\Windows\system32\NSI.dll
0x00007ff8149e0000 - 0x00007ff814a2f000 	C:\Windows\SYSTEM32\cfgmgr32.dll
0x00007ff8133b0000 - 0x00007ff8133d8000 	C:\Windows\SYSTEM32\DEVOBJ.dll
0x00007ff809fc0000 - 0x00007ff809fca000 	C:\Program Files\Java\jdk-16.0.1\bin\jimage.dll
0x00007ff80f790000 - 0x00007ff80f919000 	C:\Windows\SYSTEM32\DBGHELP.DLL
0x00007ff809fa0000 - 0x00007ff809fae000 	C:\Program Files\Java\jdk-16.0.1\bin\instrument.dll
0x00007ff809690000 - 0x00007ff8096b5000 	C:\Program Files\Java\jdk-16.0.1\bin\java.dll
0x00007ff815e70000 - 0x00007ff817398000 	C:\Windows\system32\SHELL32.dll
0x00007ff815600000 - 0x00007ff815811000 	C:\Windows\SYSTEM32\combase.dll
0x00007ff814f80000 - 0x00007ff814fd4000 	C:\Windows\system32\SHLWAPI.dll
0x00007ff812de0000 - 0x00007ff812e92000 	C:\Windows\SYSTEM32\SHCORE.dll
0x00007ff814580000 - 0x00007ff814595000 	C:\Windows\SYSTEM32\profapi.dll
0x00007ff801600000 - 0x00007ff801618000 	C:\Program Files\Java\jdk-16.0.1\bin\zip.dll
0x00007ff809f80000 - 0x00007ff809f99000 	C:\Program Files\Java\jdk-16.0.1\bin\net.dll
0x00007ff80d400000 - 0x00007ff80d4c7000 	C:\Windows\SYSTEM32\WINHTTP.dll
0x00007ff813dc0000 - 0x00007ff813e19000 	C:\Windows\system32\mswsock.dll
0x00007ff809670000 - 0x00007ff809683000 	C:\Program Files\Java\jdk-16.0.1\bin\nio.dll
0x00007ff809720000 - 0x00007ff80973a000 	C:\Program Files\JetBrains\IntelliJ IDEA Community Edition 2021.1\bin\breakgen64.dll
0x00007ff8099e0000 - 0x00007ff8099f0000 	C:\Program Files\Java\jdk-16.0.1\bin\verify.dll
0x00007ff812020000 - 0x00007ff812029000 	C:\Program Files\Java\jdk-16.0.1\bin\management.dll
0x00007ff809710000 - 0x00007ff80971b000 	C:\Program Files\Java\jdk-16.0.1\bin\management_ext.dll
0x00007ff8093e0000 - 0x00007ff8093f5000 	C:\Windows\system32\napinsp.dll
0x00007ff8093c0000 - 0x00007ff8093da000 	C:\Windows\system32\pnrpnsp.dll
0x00007ff80f540000 - 0x00007ff80f55b000 	C:\Windows\system32\NLAapi.dll
0x00007ff813bc0000 - 0x00007ff813c64000 	C:\Windows\SYSTEM32\DNSAPI.dll
0x00007ff808510000 - 0x00007ff80851d000 	C:\Windows\System32\winrnr.dll
0x00007ff8084f0000 - 0x00007ff808504000 	C:\Windows\system32\wshbth.dll
0x00007ff803c50000 - 0x00007ff803c5a000 	C:\Windows\System32\rasadhlp.dll
0x00007ff80eed0000 - 0x00007ff80eefa000 	C:\Windows\SYSTEM32\IPHLPAPI.DLL
0x00007ff80eeb0000 - 0x00007ff80eeba000 	C:\Windows\SYSTEM32\WINNSI.DLL
0x00007ff80e690000 - 0x00007ff80e6fb000 	C:\Windows\System32\fwpuclnt.dll
0x00007ff813e20000 - 0x00007ff813e40000 	C:\Windows\SYSTEM32\CRYPTSP.dll
0x00007ff813a40000 - 0x00007ff813a76000 	C:\Windows\system32\rsaenh.dll
0x00007ff814070000 - 0x00007ff814096000 	C:\Windows\SYSTEM32\bcrypt.dll
0x00007ff813b50000 - 0x00007ff813b71000 	C:\Windows\SYSTEM32\USERENV.dll
0x00007ff8143e0000 - 0x00007ff814443000 	C:\Windows\system32\bcryptprimitives.dll
0x00007ff814450000 - 0x00007ff81445b000 	C:\Windows\SYSTEM32\CRYPTBASE.dll
0x00007ff80e660000 - 0x00007ff80e676000 	C:\Windows\SYSTEM32\dhcpcsvc6.DLL
0x00007ff80ebc0000 - 0x00007ff80ebda000 	C:\Windows\SYSTEM32\dhcpcsvc.DLL
0x00007ff809700000 - 0x00007ff80970e000 	C:\Program Files\Java\jdk-16.0.1\bin\sunmscapi.dll
0x00007ff814680000 - 0x00007ff81485f000 	C:\Windows\system32\CRYPT32.dll
0x00007ff814040000 - 0x00007ff814065000 	C:\Windows\SYSTEM32\ncrypt.dll
0x00007ff814630000 - 0x00007ff814641000 	C:\Windows\system32\MSASN1.dll
0x00007ff814000000 - 0x00007ff814037000 	C:\Windows\SYSTEM32\NTASN1.dll

dbghelp: loaded successfully - version: 4.0.5 - missing functions: none
symbol engine: initialized successfully - sym options: 0x614 - pdb path: .;C:\Program Files\Java\jdk-16.0.1\bin;C:\Windows\SYSTEM32;C:\Program Files\Avast Software\Avast;C:\Windows\WinSxS\amd64_microsoft.windows.common-controls_6595b64144ccf1df_6.0.9600.18006_none_623f33d3ecbe86e8;C:\Program Files\Java\jdk-16.0.1\bin\server;C:\Program Files\JetBrains\IntelliJ IDEA Community Edition 2021.1\bin

VM Arguments:
jvm_args: -javaagent:C:\Program Files\JetBrains\IntelliJ IDEA Community Edition 2021.1\lib\idea_rt.jar=49883:C:\Program Files\JetBrains\IntelliJ IDEA Community Edition 2021.1\bin -Dfile.encoding=UTF-8 
java_command: tech.getarrays.employeemanager.EmployeemanagerApplication
java_class_path (initial): C:\Users\Maggie\Downloads\employeemanager\employeemanager\target\classes;C:\Users\Maggie\.m2\repository\org\springframework\boot\spring-boot-starter-data-jpa\2.4.5\spring-boot-starter-data-jpa-2.4.5.jar;C:\Users\Maggie\.m2\repository\org\springframework\boot\spring-boot-starter-aop\2.4.5\spring-boot-starter-aop-2.4.5.jar;C:\Users\Maggie\.m2\repository\org\springframework\spring-aop\5.3.6\spring-aop-5.3.6.jar;C:\Users\Maggie\.m2\repository\org\aspectj\aspectjweaver\1.9.6\aspectjweaver-1.9.6.jar;C:\Users\Maggie\.m2\repository\org\springframework\boot\spring-boot-starter-jdbc\2.4.5\spring-boot-starter-jdbc-2.4.5.jar;C:\Users\Maggie\.m2\repository\com\zaxxer\HikariCP\3.4.5\HikariCP-3.4.5.jar;C:\Users\Maggie\.m2\repository\org\springframework\spring-jdbc\5.3.6\spring-jdbc-5.3.6.jar;C:\Users\Maggie\.m2\repository\jakarta\transaction\jakarta.transaction-api\1.3.3\jakarta.transaction-api-1.3.3.jar;C:\Users\Maggie\.m2\repository\jakarta\persistence\jakarta.persistence-api\2.2.3\jakarta.persistence-api-2.2.3.jar;C:\Users\Maggie\.m2\repository\org\hibernate\hibernate-core\5.4.30.Final\hibernate-core-5.4.30.Final.jar;C:\Users\Maggie\.m2\repository\org\jboss\logging\jboss-logging\3.4.1.Final\jboss-logging-3.4.1.Final.jar;C:\Users\Maggie\.m2\repository\org\javassist\javassist\3.27.0-GA\javassist-3.27.0-GA.jar;C:\Users\Maggie\.m2\repository\net\bytebuddy\byte-buddy\1.10.22\byte-buddy-1.10.22.jar;C:\Users\Maggie\.m2\repository\antlr\antlr\2.7.7\antlr-2.7.7.jar;C:\Users\Maggie\.m2\repository\org\jboss\jandex\2.2.3.Final\jandex-2.2.3.Final.jar;C:\Users\Maggie\.m2\repository\com\fasterxml\classmate\1.5.1\classmate-1.5.1.jar;C:\Users\Maggie\.m2\repository\org\dom4j\dom4j\2.1.3\dom4j-2.1.3.jar;C:\Users\Maggie\.m2\repository\org\hibernate\common\hibernate-commons-annotations\5.1.2.Final\hibernate-commons-annotations-5.1.2.Final.jar;C:\Users\Maggie\.m2\repository\org\glassfish\jaxb\jaxb-runtime\2.3.4\jaxb-runtime-2.3.4.jar;C:\Users\Maggie\.m2\repository\org\gl
Launcher Type: SUN_STANDARD

[Global flags]
     intx CICompilerCount                          = 2                                         {product} {ergonomic}
     uint ConcGCThreads                            = 1                                         {product} {ergonomic}
     uint G1ConcRefinementThreads                  = 2                                         {product} {ergonomic}
   size_t G1HeapRegionSize                         = 1048576                                   {product} {ergonomic}
    uintx GCDrainStackTargetSize                   = 64                                        {product} {ergonomic}
   size_t InitialHeapSize                          = 33554432                                  {product} {ergonomic}
   size_t MarkStackSize                            = 4194304                                   {product} {ergonomic}
   size_t MaxHeapSize                              = 507510784                                 {product} {ergonomic}
   size_t MaxNewSize                               = 304087040                                 {product} {ergonomic}
   size_t MinHeapDeltaBytes                        = 1048576                                   {product} {ergonomic}
   size_t MinHeapSize                              = 8388608                                   {product} {ergonomic}
    uintx NonNMethodCodeHeapSize                   = 5826188                                {pd product} {ergonomic}
    uintx NonProfiledCodeHeapSize                  = 122916026                              {pd product} {ergonomic}
    uintx ProfiledCodeHeapSize                     = 122916026                              {pd product} {ergonomic}
    uintx ReservedCodeCacheSize                    = 251658240                              {pd product} {ergonomic}
     bool SegmentedCodeCache                       = true                                      {product} {ergonomic}
   size_t SoftMaxHeapSize                          = 507510784                              {manageable} {ergonomic}
     bool UseCompressedClassPointers               = true                           {product lp64_product} {ergonomic}
     bool UseCompressedOops                        = true                           {product lp64_product} {ergonomic}
     bool UseG1GC                                  = true                                      {product} {ergonomic}
     bool UseLargePagesIndividualAllocation        = false                                  {pd product} {ergonomic}

Logging:
Log output configuration:
 #0: stdout all=warning uptime,level,tags
 #1: stderr all=off uptime,level,tags

Environment Variables:
PATH=C:\Program Files\Common Files\Oracle\Java\javapath;C:\ProgramData\Oracle\Java\javapath;C:\Program Files (x86)\Common Files\Oracle\Java\javapath;C:\Windows\system32;C:\Windows;C:\Windows\System32\Wbem;C:\Program Files\Java\jdk8\bin;C:\Program Files\Java\jre8\bin;C:\Program Files\Git\cmd;C:\Program Files\nodejs;C:\Program Files\Java\jdk-16.0.1\bin;D:\apache-maven-3.8.1\bin;D:\gradle-7.0\bin;C:\Program Files\MySQL\MySQL Shell 8.0\bin\;C:\Program Files\Java\jdk8\bin;C:\Users\Maggie\AppData\Roaming\npm;C:\Users\Maggie\AppData\Local\Programs\Microsoft VS Code\bin;C:\Program Files\JetBrains\IntelliJ IDEA Community Edition 2021.1\bin;
USERNAME=Maggie
OS=Windows_NT
PROCESSOR_IDENTIFIER=Intel64 Family 6 Model 55 Stepping 8, GenuineIntel



---------------  S Y S T E M  ---------------

OS:
 Windows 8.1 , 64 bit Build 9600 (6.3.9600.17415)
OS uptime: 0 days 3:11 hours

CPU: total 2 (initial active 2) (2 cores per cpu, 1 threads per core) family 6 model 55 stepping 8 microcode 0x813, cx8, cmov, fxsr, mmx, 3dnowpref, sse, sse2, sse3, ssse3, sse4.1, sse4.2, popcnt, tsc, tscinvbit, erms, clmul, clflush

Memory: 4k page, system-wide physical 1934M (69M free)
TotalPageFile size 3868M (AvailPageFile size 90M)
current process WorkingSet (physical memory assigned to process): 140M, peak: 152M
current process commit charge ("private bytes"): 209M, peak: 331M

vm_info: Java HotSpot(TM) 64-Bit Server VM (16.0.1+9-24) for windows-amd64 JRE (16.0.1+9-24), built on Mar 26 2021 19:31:42 by "mach5one" with MS VC++ 16.7 (VS2019)

END.
